JVM info: Eclipse Adoptium - 21.0.8 - 21.0.8+9-LTS
java.net.preferIPv4Stack=true
Current Time: 20/09/2025 09:02:09
Host: maven.neoforged.net [156.146.53.32, 156.146.53.36]
Host: libraries.minecraft.net [13.107.246.73]
Host: launchermeta.mojang.com [13.107.246.73]
Host: piston-meta.mojang.com [13.107.246.73]
Host: sessionserver.mojang.com [13.107.246.73]
Found java version 21.0.8
No action was specified but headless environment was detected... Installing server
Target Directory: .
Following redirect: https://neoforged.net/mirrorlist.json
Considering Minecraft server jar
Downloading library from https://piston-meta.mojang.com/v1/packages/3eb05676540e45a5b13fb277dbe95764a2d46c57/1.21.8.json
	Download completed: Checksum validated.
Downloading library from https://piston-data.mojang.com/v1/objects/6bce4ef400e4efaa63a13d5e6f6b500be969ef81/server.jar
	Download completed: Checksum validated.
Downloading libraries
Found 0 additional library directories
Considering library net.neoforged.fancymodloader:earlydisplay:9.0.18
Downloading library from https://maven.neoforged.net/releases/net/neoforged/fancymodloader/earlydisplay/9.0.18/earlydisplay-9.0.18.jar
	Download completed: Checksum validated.
Considering library net.neoforged.fancymodloader:loader:9.0.18
Downloading library from https://maven.neoforged.net/releases/net/neoforged/fancymodloader/loader/9.0.18/loader-9.0.18.jar
	Download completed: Checksum validated.
Considering library net.neoforged:accesstransformers:11.0.2
Downloading library from https://maven.neoforged.net/releases/net/neoforged/accesstransformers/11.0.2/accesstransformers-11.0.2.jar
	Download completed: Checksum validated.
Considering library org.ow2.asm:asm-commons:9.8
Downloading library from https://maven.neoforged.net/releases/org/ow2/asm/asm-commons/9.8/asm-commons-9.8.jar
	Download completed: Checksum validated.
Considering library net.neoforged:mergetool:2.0.0:api
Downloading library from https://maven.neoforged.net/releases/net/neoforged/mergetool/2.0.0/mergetool-2.0.0-api.jar
	Download completed: Checksum validated.
Considering library org.ow2.asm:asm-util:9.8
Downloading library from https://maven.neoforged.net/releases/org/ow2/asm/asm-util/9.8/asm-util-9.8.jar
	Download completed: Checksum validated.
Considering library org.ow2.asm:asm-analysis:9.8
Downloading library from https://maven.neoforged.net/releases/org/ow2/asm/asm-analysis/9.8/asm-analysis-9.8.jar
	Download completed: Checksum validated.
Considering library org.ow2.asm:asm-tree:9.8
Downloading library from https://maven.neoforged.net/releases/org/ow2/asm/asm-tree/9.8/asm-tree-9.8.jar
	Download completed: Checksum validated.
Considering library net.neoforged:bus:8.0.5
Downloading library from https://maven.neoforged.net/releases/net/neoforged/bus/8.0.5/bus-8.0.5.jar
	Download completed: Checksum validated.
Considering library org.ow2.asm:asm:9.8
Downloading library from https://maven.neoforged.net/releases/org/ow2/asm/asm/9.8/asm-9.8.jar
	Download completed: Checksum validated.
Considering library com.electronwill.night-config:toml:3.8.3
Downloading library from https://maven.neoforged.net/releases/com/electronwill/night-config/toml/3.8.3/toml-3.8.3.jar
	Download completed: Checksum validated.
Considering library com.electronwill.night-config:core:3.8.3
Downloading library from https://maven.neoforged.net/releases/com/electronwill/night-config/core/3.8.3/core-3.8.3.jar
	Download completed: Checksum validated.
Considering library net.neoforged:JarJarSelector:0.4.1
Downloading library from https://maven.neoforged.net/releases/net/neoforged/JarJarSelector/0.4.1/JarJarSelector-0.4.1.jar
	Download completed: Checksum validated.
Considering library net.neoforged:JarJarMetadata:0.4.1
Downloading library from https://maven.neoforged.net/releases/net/neoforged/JarJarMetadata/0.4.1/JarJarMetadata-0.4.1.jar
	Download completed: Checksum validated.
Considering library org.apache.maven:maven-artifact:3.9.9
Downloading library from https://maven.neoforged.net/releases/org/apache/maven/maven-artifact/3.9.9/maven-artifact-3.9.9.jar
	Download completed: Checksum validated.
Considering library net.jodah:typetools:0.6.3
Downloading library from https://maven.neoforged.net/releases/net/jodah/typetools/0.6.3/typetools-0.6.3.jar
	Download completed: Checksum validated.
Considering library net.minecrell:terminalconsoleappender:1.3.0
Downloading library from https://maven.neoforged.net/releases/net/minecrell/terminalconsoleappender/1.3.0/terminalconsoleappender-1.3.0.jar
	Download completed: Checksum validated.
Considering library net.fabricmc:sponge-mixin:0.15.2+mixin.0.8.7
Downloading library from https://maven.neoforged.net/releases/net/fabricmc/sponge-mixin/0.15.2+mixin.0.8.7/sponge-mixin-0.15.2+mixin.0.8.7.jar
	Download completed: Checksum validated.
Considering library net.neoforged.fancymodloader:bootstraplauncher:9.0.18
Downloading library from https://maven.neoforged.net/releases/net/neoforged/fancymodloader/bootstraplauncher/9.0.18/bootstraplauncher-9.0.18.jar
	Download completed: Checksum validated.
Considering library net.neoforged.fancymodloader:securejarhandler:9.0.18
Downloading library from https://maven.neoforged.net/releases/net/neoforged/fancymodloader/securejarhandler/9.0.18/securejarhandler-9.0.18.jar
	Download completed: Checksum validated.
Considering library net.neoforged:JarJarFileSystems:0.4.1
Downloading library from https://maven.neoforged.net/releases/net/neoforged/JarJarFileSystems/0.4.1/JarJarFileSystems-0.4.1.jar
	Download completed: Checksum validated.
Considering library net.sf.jopt-simple:jopt-simple:5.0.4
Downloading library from https://libraries.minecraft.net/net/sf/jopt-simple/jopt-simple/5.0.4/jopt-simple-5.0.4.jar
	Download completed: Checksum validated.
Considering library net.neoforged.accesstransformers:at-parser:11.0.2
Downloading library from https://maven.neoforged.net/releases/net/neoforged/accesstransformers/at-parser/11.0.2/at-parser-11.0.2.jar
	Download completed: Checksum validated.
Considering library org.slf4j:slf4j-api:2.0.16
Downloading library from https://libraries.minecraft.net/org/slf4j/slf4j-api/2.0.16/slf4j-api-2.0.16.jar
	Download completed: Checksum validated.
Considering library com.mojang:logging:1.5.10
Downloading library from https://libraries.minecraft.net/com/mojang/logging/1.5.10/logging-1.5.10.jar
	Download completed: Checksum validated.
Considering library org.apache.logging.log4j:log4j-slf4j2-impl:2.24.1
Downloading library from https://libraries.minecraft.net/org/apache/logging/log4j/log4j-slf4j2-impl/2.24.1/log4j-slf4j2-impl-2.24.1.jar
	Download completed: Checksum validated.
Considering library org.apache.logging.log4j:log4j-core:2.24.1
Downloading library from https://libraries.minecraft.net/org/apache/logging/log4j/log4j-core/2.24.1/log4j-core-2.24.1.jar
	Download completed: Checksum validated.
Considering library org.apache.logging.log4j:log4j-api:2.24.1
Downloading library from https://libraries.minecraft.net/org/apache/logging/log4j/log4j-api/2.24.1/log4j-api-2.24.1.jar
	Download completed: Checksum validated.
Considering library org.jline:jline-reader:3.20.0
Downloading library from https://maven.neoforged.net/releases/org/jline/jline-reader/3.20.0/jline-reader-3.20.0.jar
	Download completed: Checksum validated.
Considering library org.jline:jline-terminal:3.20.0
Downloading library from https://maven.neoforged.net/releases/org/jline/jline-terminal/3.20.0/jline-terminal-3.20.0.jar
	Download completed: Checksum validated.
Considering library commons-io:commons-io:2.17.0
Downloading library from https://libraries.minecraft.net/commons-io/commons-io/2.17.0/commons-io-2.17.0.jar
	Download completed: Checksum validated.
Considering library net.minecraftforge:srgutils:0.4.15
Downloading library from https://maven.neoforged.net/releases/net/minecraftforge/srgutils/0.4.15/srgutils-0.4.15.jar
	Download completed: Checksum validated.
Considering library com.google.guava:guava:33.3.1-jre
Downloading library from https://libraries.minecraft.net/com/google/guava/guava/33.3.1-jre/guava-33.3.1-jre.jar
	Download completed: Checksum validated.
Considering library com.google.guava:failureaccess:1.0.2
Downloading library from https://libraries.minecraft.net/com/google/guava/failureaccess/1.0.2/failureaccess-1.0.2.jar
	Download completed: Checksum validated.
Considering library com.google.guava:listenablefuture:9999.0-empty-to-avoid-conflict-with-guava
Downloading library from https://libraries.minecraft.net/com/google/guava/listenablefuture/9999.0-empty-to-avoid-conflict-with-guava/listenablefuture-9999.0-empty-to-avoid-conflict-with-guava.jar
	Download completed: Checksum validated.
Considering library com.google.code.findbugs:jsr305:3.0.2
Downloading library from https://libraries.minecraft.net/com/google/code/findbugs/jsr305/3.0.2/jsr305-3.0.2.jar
	Download completed: Checksum validated.
Considering library org.checkerframework:checker-qual:3.43.0
Downloading library from https://libraries.minecraft.net/org/checkerframework/checker-qual/3.43.0/checker-qual-3.43.0.jar
	Download completed: Checksum validated.
Considering library com.google.code.gson:gson:2.11.0
Downloading library from https://libraries.minecraft.net/com/google/code/gson/gson/2.11.0/gson-2.11.0.jar
	Download completed: Checksum validated.
Considering library com.google.errorprone:error_prone_annotations:2.28.0
Downloading library from https://maven.neoforged.net/releases/com/google/errorprone/error_prone_annotations/2.28.0/error_prone_annotations-2.28.0.jar
	Download completed: Checksum validated.
Considering library com.google.j2objc:j2objc-annotations:3.0.0
Downloading library from https://libraries.minecraft.net/com/google/j2objc/j2objc-annotations/3.0.0/j2objc-annotations-3.0.0.jar
	Download completed: Checksum validated.
Considering library org.codehaus.plexus:plexus-utils:3.5.1
Downloading library from https://maven.neoforged.net/releases/org/codehaus/plexus/plexus-utils/3.5.1/plexus-utils-3.5.1.jar
	Download completed: Checksum validated.
Considering library org.apache.commons:commons-lang3:3.17.0
Downloading library from https://libraries.minecraft.net/org/apache/commons/commons-lang3/3.17.0/commons-lang3-3.17.0.jar
	Download completed: Checksum validated.
Considering library com.machinezoo.noexception:noexception:1.7.1
Downloading library from https://maven.neoforged.net/releases/com/machinezoo/noexception/noexception/1.7.1/noexception-1.7.1.jar
	Download completed: Checksum validated.
Considering library net.neoforged.fancymodloader:earlydisplay:9.0.18
File ./libraries/net/neoforged/fancymodloader/earlydisplay/9.0.18/earlydisplay-9.0.18.jar exists. Checksum valid.
Considering library net.neoforged.fancymodloader:loader:9.0.18
File ./libraries/net/neoforged/fancymodloader/loader/9.0.18/loader-9.0.18.jar exists. Checksum valid.
Considering library net.neoforged:accesstransformers:11.0.2
File ./libraries/net/neoforged/accesstransformers/11.0.2/accesstransformers-11.0.2.jar exists. Checksum valid.
Considering library org.ow2.asm:asm-commons:9.8
File ./libraries/org/ow2/asm/asm-commons/9.8/asm-commons-9.8.jar exists. Checksum valid.
Considering library net.neoforged:mergetool:2.0.0:api
File ./libraries/net/neoforged/mergetool/2.0.0/mergetool-2.0.0-api.jar exists. Checksum valid.
Considering library org.ow2.asm:asm-util:9.8
File ./libraries/org/ow2/asm/asm-util/9.8/asm-util-9.8.jar exists. Checksum valid.
Considering library org.ow2.asm:asm-analysis:9.8
File ./libraries/org/ow2/asm/asm-analysis/9.8/asm-analysis-9.8.jar exists. Checksum valid.
Considering library org.ow2.asm:asm-tree:9.8
File ./libraries/org/ow2/asm/asm-tree/9.8/asm-tree-9.8.jar exists. Checksum valid.
Considering library net.neoforged:bus:8.0.5
File ./libraries/net/neoforged/bus/8.0.5/bus-8.0.5.jar exists. Checksum valid.
Considering library org.ow2.asm:asm:9.8
File ./libraries/org/ow2/asm/asm/9.8/asm-9.8.jar exists. Checksum valid.
Considering library com.electronwill.night-config:toml:3.8.3
File ./libraries/com/electronwill/night-config/toml/3.8.3/toml-3.8.3.jar exists. Checksum valid.
Considering library com.electronwill.night-config:core:3.8.3
File ./libraries/com/electronwill/night-config/core/3.8.3/core-3.8.3.jar exists. Checksum valid.
Considering library net.neoforged:JarJarSelector:0.4.1
File ./libraries/net/neoforged/JarJarSelector/0.4.1/JarJarSelector-0.4.1.jar exists. Checksum valid.
Considering library net.neoforged:JarJarMetadata:0.4.1
File ./libraries/net/neoforged/JarJarMetadata/0.4.1/JarJarMetadata-0.4.1.jar exists. Checksum valid.
Considering library org.apache.maven:maven-artifact:3.9.9
File ./libraries/org/apache/maven/maven-artifact/3.9.9/maven-artifact-3.9.9.jar exists. Checksum valid.
Considering library net.jodah:typetools:0.6.3
File ./libraries/net/jodah/typetools/0.6.3/typetools-0.6.3.jar exists. Checksum valid.
Considering library net.minecrell:terminalconsoleappender:1.3.0
File ./libraries/net/minecrell/terminalconsoleappender/1.3.0/terminalconsoleappender-1.3.0.jar exists. Checksum valid.
Considering library net.fabricmc:sponge-mixin:0.15.2+mixin.0.8.7
File ./libraries/net/fabricmc/sponge-mixin/0.15.2+mixin.0.8.7/sponge-mixin-0.15.2+mixin.0.8.7.jar exists. Checksum valid.
Considering library net.neoforged.fancymodloader:bootstraplauncher:9.0.18
File ./libraries/net/neoforged/fancymodloader/bootstraplauncher/9.0.18/bootstraplauncher-9.0.18.jar exists. Checksum valid.
Considering library net.neoforged.fancymodloader:securejarhandler:9.0.18
File ./libraries/net/neoforged/fancymodloader/securejarhandler/9.0.18/securejarhandler-9.0.18.jar exists. Checksum valid.
Considering library net.neoforged:JarJarFileSystems:0.4.1
File ./libraries/net/neoforged/JarJarFileSystems/0.4.1/JarJarFileSystems-0.4.1.jar exists. Checksum valid.
Considering library net.sf.jopt-simple:jopt-simple:5.0.4
File ./libraries/net/sf/jopt-simple/jopt-simple/5.0.4/jopt-simple-5.0.4.jar exists. Checksum valid.
Considering library net.neoforged.accesstransformers:at-parser:11.0.2
File ./libraries/net/neoforged/accesstransformers/at-parser/11.0.2/at-parser-11.0.2.jar exists. Checksum valid.
Considering library org.slf4j:slf4j-api:2.0.16
File ./libraries/org/slf4j/slf4j-api/2.0.16/slf4j-api-2.0.16.jar exists. Checksum valid.
Considering library com.mojang:logging:1.5.10
File ./libraries/com/mojang/logging/1.5.10/logging-1.5.10.jar exists. Checksum valid.
Considering library org.apache.logging.log4j:log4j-slf4j2-impl:2.24.1
File ./libraries/org/apache/logging/log4j/log4j-slf4j2-impl/2.24.1/log4j-slf4j2-impl-2.24.1.jar exists. Checksum valid.
Considering library org.apache.logging.log4j:log4j-core:2.24.1
File ./libraries/org/apache/logging/log4j/log4j-core/2.24.1/log4j-core-2.24.1.jar exists. Checksum valid.
Considering library org.apache.logging.log4j:log4j-api:2.24.1
File ./libraries/org/apache/logging/log4j/log4j-api/2.24.1/log4j-api-2.24.1.jar exists. Checksum valid.
Considering library org.jline:jline-reader:3.20.0
File ./libraries/org/jline/jline-reader/3.20.0/jline-reader-3.20.0.jar exists. Checksum valid.
Considering library org.jline:jline-terminal:3.20.0
File ./libraries/org/jline/jline-terminal/3.20.0/jline-terminal-3.20.0.jar exists. Checksum valid.
Considering library commons-io:commons-io:2.17.0
File ./libraries/commons-io/commons-io/2.17.0/commons-io-2.17.0.jar exists. Checksum valid.
Considering library net.minecraftforge:srgutils:0.4.15
File ./libraries/net/minecraftforge/srgutils/0.4.15/srgutils-0.4.15.jar exists. Checksum valid.
Considering library com.google.guava:guava:33.3.1-jre
File ./libraries/com/google/guava/guava/33.3.1-jre/guava-33.3.1-jre.jar exists. Checksum valid.
Considering library com.google.guava:failureaccess:1.0.2
File ./libraries/com/google/guava/failureaccess/1.0.2/failureaccess-1.0.2.jar exists. Checksum valid.
Considering library com.google.guava:listenablefuture:9999.0-empty-to-avoid-conflict-with-guava
File ./libraries/com/google/guava/listenablefuture/9999.0-empty-to-avoid-conflict-with-guava/listenablefuture-9999.0-empty-to-avoid-conflict-with-guava.jar exists. Checksum valid.
Considering library com.google.code.findbugs:jsr305:3.0.2
File ./libraries/com/google/code/findbugs/jsr305/3.0.2/jsr305-3.0.2.jar exists. Checksum valid.
Considering library org.checkerframework:checker-qual:3.43.0
File ./libraries/org/checkerframework/checker-qual/3.43.0/checker-qual-3.43.0.jar exists. Checksum valid.
Considering library com.google.code.gson:gson:2.11.0
File ./libraries/com/google/code/gson/gson/2.11.0/gson-2.11.0.jar exists. Checksum valid.
Considering library com.google.errorprone:error_prone_annotations:2.28.0
File ./libraries/com/google/errorprone/error_prone_annotations/2.28.0/error_prone_annotations-2.28.0.jar exists. Checksum valid.
Considering library com.google.j2objc:j2objc-annotations:3.0.0
File ./libraries/com/google/j2objc/j2objc-annotations/3.0.0/j2objc-annotations-3.0.0.jar exists. Checksum valid.
Considering library org.codehaus.plexus:plexus-utils:3.5.1
File ./libraries/org/codehaus/plexus/plexus-utils/3.5.1/plexus-utils-3.5.1.jar exists. Checksum valid.
Considering library org.apache.commons:commons-lang3:3.17.0
File ./libraries/org/apache/commons/commons-lang3/3.17.0/commons-lang3-3.17.0.jar exists. Checksum valid.
Considering library com.machinezoo.noexception:noexception:1.7.1
File ./libraries/com/machinezoo/noexception/noexception/1.7.1/noexception-1.7.1.jar exists. Checksum valid.
Considering library net.neoforged:neoform:1.21.8-20250717.133445@zip
Downloading library from https://maven.neoforged.net/releases/net/neoforged/neoform/1.21.8-20250717.133445/neoform-1.21.8-20250717.133445.zip
	Download completed: Checksum validated.
Considering library net.neoforged.installertools:binarypatcher:3.0.13:fatjar
Downloading library from https://maven.neoforged.net/releases/net/neoforged/installertools/binarypatcher/3.0.13/binarypatcher-3.0.13-fatjar.jar
	Download completed: Checksum validated.
Considering library net.neoforged:AutoRenamingTool:2.0.11:all
Downloading library from https://maven.neoforged.net/releases/net/neoforged/AutoRenamingTool/2.0.11/AutoRenamingTool-2.0.11-all.jar
	Download completed: Checksum validated.
Considering library net.neoforged.installertools:installertools:3.0.13
Downloading library from https://maven.neoforged.net/releases/net/neoforged/installertools/installertools/3.0.13/installertools-3.0.13.jar
	Download completed: Checksum validated.
Considering library net.neoforged:srgutils:1.0.0
Downloading library from https://maven.neoforged.net/releases/net/neoforged/srgutils/1.0.0/srgutils-1.0.0.jar
	Download completed: Checksum validated.
Considering library com.google.code.gson:gson:2.8.9
Downloading library from https://libraries.minecraft.net/com/google/code/gson/gson/2.8.9/gson-2.8.9.jar
	Download completed: Checksum validated.
Considering library de.siegmar:fastcsv:2.0.0
Downloading library from https://maven.neoforged.net/releases/de/siegmar/fastcsv/2.0.0/fastcsv-2.0.0.jar
	Download completed: Checksum validated.
Considering library org.ow2.asm:asm-commons:9.7
Downloading library from https://maven.neoforged.net/releases/org/ow2/asm/asm-commons/9.7/asm-commons-9.7.jar
	Download completed: Checksum validated.
Considering library net.neoforged.installertools:cli-utils:3.0.13
Downloading library from https://maven.neoforged.net/releases/net/neoforged/installertools/cli-utils/3.0.13/cli-utils-3.0.13.jar
	Download completed: Checksum validated.
Considering library org.ow2.asm:asm-tree:9.7
Downloading library from https://maven.neoforged.net/releases/org/ow2/asm/asm-tree/9.7/asm-tree-9.7.jar
	Download completed: Checksum validated.
Considering library org.ow2.asm:asm:9.7
Downloading library from https://maven.neoforged.net/releases/org/ow2/asm/asm/9.7/asm-9.7.jar
	Download completed: Checksum validated.
Considering library net.neoforged.installertools:jarsplitter:3.0.13
Downloading library from https://maven.neoforged.net/releases/net/neoforged/installertools/jarsplitter/3.0.13/jarsplitter-3.0.13.jar
	Download completed: Checksum validated.
Considering library net.neoforged:neoforge:21.8.47:universal
Downloading library from https://maven.neoforged.net/releases/net/neoforged/neoforge/21.8.47/neoforge-21.8.47-universal.jar
	Download completed: Checksum validated.
Created Temporary Directory: /tmp/neoforge_installer7265663569854546828
  Extracting: /data/server.lzma
Building Processors
===============================================================================
Processor: net.neoforged.installertools:installertools -> EXTRACT_FILES
  MainClass: net.neoforged.installertools.ConsoleTool
  Classpath:
    /opt/mcsmanager/daemon/data/InstanceData/6eeabf3342fc4c5f8285794f6ace4524/./libraries/net/neoforged/installertools/installertools/3.0.13/installertools-3.0.13.jar
    /opt/mcsmanager/daemon/data/InstanceData/6eeabf3342fc4c5f8285794f6ace4524/./libraries/net/neoforged/installertools/installertools/3.0.13/installertools-3.0.13.jar
    /opt/mcsmanager/daemon/data/InstanceData/6eeabf3342fc4c5f8285794f6ace4524/./libraries/net/neoforged/srgutils/1.0.0/srgutils-1.0.0.jar
    /opt/mcsmanager/daemon/data/InstanceData/6eeabf3342fc4c5f8285794f6ace4524/./libraries/net/sf/jopt-simple/jopt-simple/5.0.4/jopt-simple-5.0.4.jar
    /opt/mcsmanager/daemon/data/InstanceData/6eeabf3342fc4c5f8285794f6ace4524/./libraries/com/google/code/gson/gson/2.8.9/gson-2.8.9.jar
    /opt/mcsmanager/daemon/data/InstanceData/6eeabf3342fc4c5f8285794f6ace4524/./libraries/de/siegmar/fastcsv/2.0.0/fastcsv-2.0.0.jar
    /opt/mcsmanager/daemon/data/InstanceData/6eeabf3342fc4c5f8285794f6ace4524/./libraries/org/ow2/asm/asm-commons/9.7/asm-commons-9.7.jar
    /opt/mcsmanager/daemon/data/InstanceData/6eeabf3342fc4c5f8285794f6ace4524/./libraries/net/neoforged/installertools/cli-utils/3.0.13/cli-utils-3.0.13.jar
    /opt/mcsmanager/daemon/data/InstanceData/6eeabf3342fc4c5f8285794f6ace4524/./libraries/org/ow2/asm/asm-tree/9.7/asm-tree-9.7.jar
    /opt/mcsmanager/daemon/data/InstanceData/6eeabf3342fc4c5f8285794f6ace4524/./libraries/org/ow2/asm/asm/9.7/asm-9.7.jar
  Args: --task, EXTRACT_FILES, --archive, /opt/mcsmanager/daemon/data/InstanceData/6eeabf3342fc4c5f8285794f6ace4524/server.jar, --from, data/run.sh, --to, /opt/mcsmanager/daemon/data/InstanceData/6eeabf3342fc4c5f8285794f6ace4524/./run.sh, --exec, /opt/mcsmanager/daemon/data/InstanceData/6eeabf3342fc4c5f8285794f6ace4524/./run.sh, --from, data/run.bat, --to, /opt/mcsmanager/daemon/data/InstanceData/6eeabf3342fc4c5f8285794f6ace4524/./run.bat, --from, data/user_jvm_args.txt, --to, /opt/mcsmanager/daemon/data/InstanceData/6eeabf3342fc4c5f8285794f6ace4524/./user_jvm_args.txt, --optional, /opt/mcsmanager/daemon/data/InstanceData/6eeabf3342fc4c5f8285794f6ace4524/./user_jvm_args.txt, --from, data/win_args.txt, --to, /opt/mcsmanager/daemon/data/InstanceData/6eeabf3342fc4c5f8285794f6ace4524/./libraries/net/neoforged/neoforge/21.8.47/win_args.txt, --from, data/unix_args.txt, --to, /opt/mcsmanager/daemon/data/InstanceData/6eeabf3342fc4c5f8285794f6ace4524/./libraries/net/neoforged/neoforge/21.8.47/unix_args.txt
Task: EXTRACT_FILES
Archive: /opt/mcsmanager/daemon/data/InstanceData/6eeabf3342fc4c5f8285794f6ace4524/server.jar
Extract: data/run.sh
         /opt/mcsmanager/daemon/data/InstanceData/6eeabf3342fc4c5f8285794f6ace4524/./run.sh
Extract: data/run.bat
         /opt/mcsmanager/daemon/data/InstanceData/6eeabf3342fc4c5f8285794f6ace4524/./run.bat
Extract: data/user_jvm_args.txt
         /opt/mcsmanager/daemon/data/InstanceData/6eeabf3342fc4c5f8285794f6ace4524/./user_jvm_args.txt
Extract: data/win_args.txt
         /opt/mcsmanager/daemon/data/InstanceData/6eeabf3342fc4c5f8285794f6ace4524/./libraries/net/neoforged/neoforge/21.8.47/win_args.txt
Extract: data/unix_args.txt
         /opt/mcsmanager/daemon/data/InstanceData/6eeabf3342fc4c5f8285794f6ace4524/./libraries/net/neoforged/neoforge/21.8.47/unix_args.txt
Exec:    /opt/mcsmanager/daemon/data/InstanceData/6eeabf3342fc4c5f8285794f6ace4524/./run.sh
===============================================================================
Processor: net.neoforged.installertools:installertools -> BUNDLER_EXTRACT
  MainClass: net.neoforged.installertools.ConsoleTool
  Classpath:
    /opt/mcsmanager/daemon/data/InstanceData/6eeabf3342fc4c5f8285794f6ace4524/./libraries/net/neoforged/installertools/installertools/3.0.13/installertools-3.0.13.jar
    /opt/mcsmanager/daemon/data/InstanceData/6eeabf3342fc4c5f8285794f6ace4524/./libraries/net/neoforged/installertools/installertools/3.0.13/installertools-3.0.13.jar
    /opt/mcsmanager/daemon/data/InstanceData/6eeabf3342fc4c5f8285794f6ace4524/./libraries/net/neoforged/srgutils/1.0.0/srgutils-1.0.0.jar
    /opt/mcsmanager/daemon/data/InstanceData/6eeabf3342fc4c5f8285794f6ace4524/./libraries/net/sf/jopt-simple/jopt-simple/5.0.4/jopt-simple-5.0.4.jar
    /opt/mcsmanager/daemon/data/InstanceData/6eeabf3342fc4c5f8285794f6ace4524/./libraries/com/google/code/gson/gson/2.8.9/gson-2.8.9.jar
    /opt/mcsmanager/daemon/data/InstanceData/6eeabf3342fc4c5f8285794f6ace4524/./libraries/de/siegmar/fastcsv/2.0.0/fastcsv-2.0.0.jar
    /opt/mcsmanager/daemon/data/InstanceData/6eeabf3342fc4c5f8285794f6ace4524/./libraries/org/ow2/asm/asm-commons/9.7/asm-commons-9.7.jar
    /opt/mcsmanager/daemon/data/InstanceData/6eeabf3342fc4c5f8285794f6ace4524/./libraries/net/neoforged/installertools/cli-utils/3.0.13/cli-utils-3.0.13.jar
    /opt/mcsmanager/daemon/data/InstanceData/6eeabf3342fc4c5f8285794f6ace4524/./libraries/org/ow2/asm/asm-tree/9.7/asm-tree-9.7.jar
    /opt/mcsmanager/daemon/data/InstanceData/6eeabf3342fc4c5f8285794f6ace4524/./libraries/org/ow2/asm/asm/9.7/asm-9.7.jar
  Args: --task, BUNDLER_EXTRACT, --input, /opt/mcsmanager/daemon/data/InstanceData/6eeabf3342fc4c5f8285794f6ace4524/./libraries/net/minecraft/server/1.21.8/server-1.21.8.jar, --output, /opt/mcsmanager/daemon/data/InstanceData/6eeabf3342fc4c5f8285794f6ace4524/./libraries/, --libraries
Task: BUNDLER_EXTRACT
Input:   /opt/mcsmanager/daemon/data/InstanceData/6eeabf3342fc4c5f8285794f6ace4524/./libraries/net/minecraft/server/1.21.8/server-1.21.8.jar
Output:  /opt/mcsmanager/daemon/data/InstanceData/6eeabf3342fc4c5f8285794f6ace4524/./libraries
All:     false
JarOnly: false
Libs:    true
Extracted: libraries/com/fasterxml/jackson/core/jackson-annotations/2.13.4/jackson-annotations-2.13.4.jar
Extracted: libraries/com/fasterxml/jackson/core/jackson-core/2.13.4/jackson-core-2.13.4.jar
Extracted: libraries/com/fasterxml/jackson/core/jackson-databind/2.13.4.2/jackson-databind-2.13.4.2.jar
Extracted: libraries/com/github/oshi/oshi-core/6.6.5/oshi-core-6.6.5.jar
Extracted: libraries/com/github/stephenc/jcip/jcip-annotations/1.0-1/jcip-annotations-1.0-1.jar
File already exists, and hash verified
File already exists, and hash verified
File already exists, and hash verified
Extracted: libraries/com/microsoft/azure/msal4j/1.17.2/msal4j-1.17.2.jar
Extracted: libraries/com/mojang/authlib/6.0.58/authlib-6.0.58.jar
Extracted: libraries/com/mojang/brigadier/1.3.10/brigadier-1.3.10.jar
Extracted: libraries/com/mojang/datafixerupper/8.0.16/datafixerupper-8.0.16.jar
Extracted: libraries/com/mojang/jtracy/1.0.29/jtracy-1.0.29.jar
File already exists, and hash verified
Extracted: libraries/com/nimbusds/content-type/2.3/content-type-2.3.jar
Extracted: libraries/com/nimbusds/lang-tag/1.7/lang-tag-1.7.jar
Extracted: libraries/com/nimbusds/nimbus-jose-jwt/9.40/nimbus-jose-jwt-9.40.jar
Extracted: libraries/com/nimbusds/oauth2-oidc-sdk/11.18/oauth2-oidc-sdk-11.18.jar
File already exists, and hash verified
Extracted: libraries/io/netty/netty-buffer/4.1.118.Final/netty-buffer-4.1.118.Final.jar
Extracted: libraries/io/netty/netty-codec/4.1.118.Final/netty-codec-4.1.118.Final.jar
Extracted: libraries/io/netty/netty-common/4.1.118.Final/netty-common-4.1.118.Final.jar
Extracted: libraries/io/netty/netty-handler/4.1.118.Final/netty-handler-4.1.118.Final.jar
Extracted: libraries/io/netty/netty-resolver/4.1.118.Final/netty-resolver-4.1.118.Final.jar
Extracted: libraries/io/netty/netty-transport/4.1.118.Final/netty-transport-4.1.118.Final.jar
Extracted: libraries/io/netty/netty-transport-classes-epoll/4.1.118.Final/netty-transport-classes-epoll-4.1.118.Final.jar
Extracted: libraries/io/netty/netty-transport-native-epoll/4.1.118.Final/netty-transport-native-epoll-4.1.118.Final-linux-x86_64.jar
Extracted: libraries/io/netty/netty-transport-native-epoll/4.1.118.Final/netty-transport-native-epoll-4.1.118.Final-linux-aarch_64.jar
Extracted: libraries/io/netty/netty-transport-native-unix-common/4.1.118.Final/netty-transport-native-unix-common-4.1.118.Final.jar
Extracted: libraries/it/unimi/dsi/fastutil/8.5.15/fastutil-8.5.15.jar
Extracted: libraries/net/java/dev/jna/jna/5.15.0/jna-5.15.0.jar
Extracted: libraries/net/java/dev/jna/jna-platform/5.15.0/jna-platform-5.15.0.jar
Extracted: libraries/net/minidev/accessors-smart/2.5.1/accessors-smart-2.5.1.jar
Extracted: libraries/net/minidev/json-smart/2.5.1/json-smart-2.5.1.jar
File already exists, and hash verified
File already exists, and hash verified
File already exists, and hash verified
File already exists, and hash verified
File already exists, and hash verified
Extracted: libraries/org/joml/joml/1.10.8/joml-1.10.8.jar
Extracted: libraries/org/lz4/lz4-java/1.8.0/lz4-java-1.8.0.jar
Extracted: libraries/org/ow2/asm/asm/9.6/asm-9.6.jar
File already exists, and hash verified
===============================================================================
Processor: net.neoforged.installertools:installertools -> BUNDLER_EXTRACT
  MainClass: net.neoforged.installertools.ConsoleTool
  Classpath:
    /opt/mcsmanager/daemon/data/InstanceData/6eeabf3342fc4c5f8285794f6ace4524/./libraries/net/neoforged/installertools/installertools/3.0.13/installertools-3.0.13.jar
    /opt/mcsmanager/daemon/data/InstanceData/6eeabf3342fc4c5f8285794f6ace4524/./libraries/net/neoforged/installertools/installertools/3.0.13/installertools-3.0.13.jar
    /opt/mcsmanager/daemon/data/InstanceData/6eeabf3342fc4c5f8285794f6ace4524/./libraries/net/neoforged/srgutils/1.0.0/srgutils-1.0.0.jar
    /opt/mcsmanager/daemon/data/InstanceData/6eeabf3342fc4c5f8285794f6ace4524/./libraries/net/sf/jopt-simple/jopt-simple/5.0.4/jopt-simple-5.0.4.jar
    /opt/mcsmanager/daemon/data/InstanceData/6eeabf3342fc4c5f8285794f6ace4524/./libraries/com/google/code/gson/gson/2.8.9/gson-2.8.9.jar
    /opt/mcsmanager/daemon/data/InstanceData/6eeabf3342fc4c5f8285794f6ace4524/./libraries/de/siegmar/fastcsv/2.0.0/fastcsv-2.0.0.jar
    /opt/mcsmanager/daemon/data/InstanceData/6eeabf3342fc4c5f8285794f6ace4524/./libraries/org/ow2/asm/asm-commons/9.7/asm-commons-9.7.jar
    /opt/mcsmanager/daemon/data/InstanceData/6eeabf3342fc4c5f8285794f6ace4524/./libraries/net/neoforged/installertools/cli-utils/3.0.13/cli-utils-3.0.13.jar
    /opt/mcsmanager/daemon/data/InstanceData/6eeabf3342fc4c5f8285794f6ace4524/./libraries/org/ow2/asm/asm-tree/9.7/asm-tree-9.7.jar
    /opt/mcsmanager/daemon/data/InstanceData/6eeabf3342fc4c5f8285794f6ace4524/./libraries/org/ow2/asm/asm/9.7/asm-9.7.jar
  Args: --task, BUNDLER_EXTRACT, --input, /opt/mcsmanager/daemon/data/InstanceData/6eeabf3342fc4c5f8285794f6ace4524/./libraries/net/minecraft/server/1.21.8/server-1.21.8.jar, --output, /opt/mcsmanager/daemon/data/InstanceData/6eeabf3342fc4c5f8285794f6ace4524/./libraries/net/minecraft/server/1.21.8-20250717.133445/server-1.21.8-20250717.133445-unpacked.jar, --jar-only
Task: BUNDLER_EXTRACT
Input:   /opt/mcsmanager/daemon/data/InstanceData/6eeabf3342fc4c5f8285794f6ace4524/./libraries/net/minecraft/server/1.21.8/server-1.21.8.jar
Output:  /opt/mcsmanager/daemon/data/InstanceData/6eeabf3342fc4c5f8285794f6ace4524/./libraries/net/minecraft/server/1.21.8-20250717.133445/server-1.21.8-20250717.133445-unpacked.jar
All:     false
JarOnly: true
Libs:    false
Extracted: versions/1.21.8/server-1.21.8.jar
===============================================================================
Processor: net.neoforged.installertools:installertools -> MCP_DATA
  MainClass: net.neoforged.installertools.ConsoleTool
  Classpath:
    /opt/mcsmanager/daemon/data/InstanceData/6eeabf3342fc4c5f8285794f6ace4524/./libraries/net/neoforged/installertools/installertools/3.0.13/installertools-3.0.13.jar
    /opt/mcsmanager/daemon/data/InstanceData/6eeabf3342fc4c5f8285794f6ace4524/./libraries/net/neoforged/installertools/installertools/3.0.13/installertools-3.0.13.jar
    /opt/mcsmanager/daemon/data/InstanceData/6eeabf3342fc4c5f8285794f6ace4524/./libraries/net/neoforged/srgutils/1.0.0/srgutils-1.0.0.jar
    /opt/mcsmanager/daemon/data/InstanceData/6eeabf3342fc4c5f8285794f6ace4524/./libraries/net/sf/jopt-simple/jopt-simple/5.0.4/jopt-simple-5.0.4.jar
    /opt/mcsmanager/daemon/data/InstanceData/6eeabf3342fc4c5f8285794f6ace4524/./libraries/com/google/code/gson/gson/2.8.9/gson-2.8.9.jar
    /opt/mcsmanager/daemon/data/InstanceData/6eeabf3342fc4c5f8285794f6ace4524/./libraries/de/siegmar/fastcsv/2.0.0/fastcsv-2.0.0.jar
    /opt/mcsmanager/daemon/data/InstanceData/6eeabf3342fc4c5f8285794f6ace4524/./libraries/org/ow2/asm/asm-commons/9.7/asm-commons-9.7.jar
    /opt/mcsmanager/daemon/data/InstanceData/6eeabf3342fc4c5f8285794f6ace4524/./libraries/net/neoforged/installertools/cli-utils/3.0.13/cli-utils-3.0.13.jar
    /opt/mcsmanager/daemon/data/InstanceData/6eeabf3342fc4c5f8285794f6ace4524/./libraries/org/ow2/asm/asm-tree/9.7/asm-tree-9.7.jar
    /opt/mcsmanager/daemon/data/InstanceData/6eeabf3342fc4c5f8285794f6ace4524/./libraries/org/ow2/asm/asm/9.7/asm-9.7.jar
  Args: --task, MCP_DATA, --input, /opt/mcsmanager/daemon/data/InstanceData/6eeabf3342fc4c5f8285794f6ace4524/./libraries/net/neoforged/neoform/1.21.8-20250717.133445/neoform-1.21.8-20250717.133445.zip, --output, /opt/mcsmanager/daemon/data/InstanceData/6eeabf3342fc4c5f8285794f6ace4524/./libraries/net/neoforged/neoform/1.21.8-20250717.133445/neoform-1.21.8-20250717.133445-mappings.txt, --key, mappings
Task: MCP_DATA
Input:  /opt/mcsmanager/daemon/data/InstanceData/6eeabf3342fc4c5f8285794f6ace4524/./libraries/net/neoforged/neoform/1.21.8-20250717.133445/neoform-1.21.8-20250717.133445.zip
Output: /opt/mcsmanager/daemon/data/InstanceData/6eeabf3342fc4c5f8285794f6ace4524/./libraries/net/neoforged/neoform/1.21.8-20250717.133445/neoform-1.21.8-20250717.133445-mappings.txt
Key:    mappings
Extracting: config/joined.tsrg
===============================================================================
Processor: net.neoforged.installertools:installertools -> DOWNLOAD_MOJMAPS
  MainClass: net.neoforged.installertools.ConsoleTool
  Classpath:
    /opt/mcsmanager/daemon/data/InstanceData/6eeabf3342fc4c5f8285794f6ace4524/./libraries/net/neoforged/installertools/installertools/3.0.13/installertools-3.0.13.jar
    /opt/mcsmanager/daemon/data/InstanceData/6eeabf3342fc4c5f8285794f6ace4524/./libraries/net/neoforged/installertools/installertools/3.0.13/installertools-3.0.13.jar
    /opt/mcsmanager/daemon/data/InstanceData/6eeabf3342fc4c5f8285794f6ace4524/./libraries/net/neoforged/srgutils/1.0.0/srgutils-1.0.0.jar
    /opt/mcsmanager/daemon/data/InstanceData/6eeabf3342fc4c5f8285794f6ace4524/./libraries/net/sf/jopt-simple/jopt-simple/5.0.4/jopt-simple-5.0.4.jar
    /opt/mcsmanager/daemon/data/InstanceData/6eeabf3342fc4c5f8285794f6ace4524/./libraries/com/google/code/gson/gson/2.8.9/gson-2.8.9.jar
    /opt/mcsmanager/daemon/data/InstanceData/6eeabf3342fc4c5f8285794f6ace4524/./libraries/de/siegmar/fastcsv/2.0.0/fastcsv-2.0.0.jar
    /opt/mcsmanager/daemon/data/InstanceData/6eeabf3342fc4c5f8285794f6ace4524/./libraries/org/ow2/asm/asm-commons/9.7/asm-commons-9.7.jar
    /opt/mcsmanager/daemon/data/InstanceData/6eeabf3342fc4c5f8285794f6ace4524/./libraries/net/neoforged/installertools/cli-utils/3.0.13/cli-utils-3.0.13.jar
    /opt/mcsmanager/daemon/data/InstanceData/6eeabf3342fc4c5f8285794f6ace4524/./libraries/org/ow2/asm/asm-tree/9.7/asm-tree-9.7.jar
    /opt/mcsmanager/daemon/data/InstanceData/6eeabf3342fc4c5f8285794f6ace4524/./libraries/org/ow2/asm/asm/9.7/asm-9.7.jar
  Args: --task, DOWNLOAD_MOJMAPS, --version, 1.21.8, --side, server, --output, /opt/mcsmanager/daemon/data/InstanceData/6eeabf3342fc4c5f8285794f6ace4524/./libraries/net/minecraft/server/1.21.8-20250717.133445/server-1.21.8-20250717.133445-mappings.txt
Task: DOWNLOAD_MOJMAPS
MC Version: 1.21.8
Side:       server
Output:     /opt/mcsmanager/daemon/data/InstanceData/6eeabf3342fc4c5f8285794f6ace4524/./libraries/net/minecraft/server/1.21.8-20250717.133445/server-1.21.8-20250717.133445-mappings.txt
Downloaded Mojang mappings for 1.21.8
===============================================================================
Processor: net.neoforged.installertools:installertools -> MERGE_MAPPING
  MainClass: net.neoforged.installertools.ConsoleTool
  Classpath:
    /opt/mcsmanager/daemon/data/InstanceData/6eeabf3342fc4c5f8285794f6ace4524/./libraries/net/neoforged/installertools/installertools/3.0.13/installertools-3.0.13.jar
    /opt/mcsmanager/daemon/data/InstanceData/6eeabf3342fc4c5f8285794f6ace4524/./libraries/net/neoforged/installertools/installertools/3.0.13/installertools-3.0.13.jar
    /opt/mcsmanager/daemon/data/InstanceData/6eeabf3342fc4c5f8285794f6ace4524/./libraries/net/neoforged/srgutils/1.0.0/srgutils-1.0.0.jar
    /opt/mcsmanager/daemon/data/InstanceData/6eeabf3342fc4c5f8285794f6ace4524/./libraries/net/sf/jopt-simple/jopt-simple/5.0.4/jopt-simple-5.0.4.jar
    /opt/mcsmanager/daemon/data/InstanceData/6eeabf3342fc4c5f8285794f6ace4524/./libraries/com/google/code/gson/gson/2.8.9/gson-2.8.9.jar
    /opt/mcsmanager/daemon/data/InstanceData/6eeabf3342fc4c5f8285794f6ace4524/./libraries/de/siegmar/fastcsv/2.0.0/fastcsv-2.0.0.jar
    /opt/mcsmanager/daemon/data/InstanceData/6eeabf3342fc4c5f8285794f6ace4524/./libraries/org/ow2/asm/asm-commons/9.7/asm-commons-9.7.jar
    /opt/mcsmanager/daemon/data/InstanceData/6eeabf3342fc4c5f8285794f6ace4524/./libraries/net/neoforged/installertools/cli-utils/3.0.13/cli-utils-3.0.13.jar
    /opt/mcsmanager/daemon/data/InstanceData/6eeabf3342fc4c5f8285794f6ace4524/./libraries/org/ow2/asm/asm-tree/9.7/asm-tree-9.7.jar
    /opt/mcsmanager/daemon/data/InstanceData/6eeabf3342fc4c5f8285794f6ace4524/./libraries/org/ow2/asm/asm/9.7/asm-9.7.jar
  Args: --task, MERGE_MAPPING, --merge, /opt/mcsmanager/daemon/data/InstanceData/6eeabf3342fc4c5f8285794f6ace4524/./libraries/net/neoforged/neoform/1.21.8-20250717.133445/neoform-1.21.8-20250717.133445-mappings.txt, --base, /opt/mcsmanager/daemon/data/InstanceData/6eeabf3342fc4c5f8285794f6ace4524/./libraries/net/minecraft/server/1.21.8-20250717.133445/server-1.21.8-20250717.133445-mappings.txt, --output, /opt/mcsmanager/daemon/data/InstanceData/6eeabf3342fc4c5f8285794f6ace4524/./libraries/net/neoforged/neoform/1.21.8-20250717.133445/neoform-1.21.8-20250717.133445-mappings-merged.txt, --reverse-base
Task: MERGE_MAPPING
Base Mappings: /opt/mcsmanager/daemon/data/InstanceData/6eeabf3342fc4c5f8285794f6ace4524/./libraries/net/minecraft/server/1.21.8-20250717.133445/server-1.21.8-20250717.133445-mappings.txt
Reverse Base Mappings: true
Merge Mappings: /opt/mcsmanager/daemon/data/InstanceData/6eeabf3342fc4c5f8285794f6ace4524/./libraries/net/neoforged/neoform/1.21.8-20250717.133445/neoform-1.21.8-20250717.133445-mappings.txt
Reverse Merge Mappings: false
Output: /opt/mcsmanager/daemon/data/InstanceData/6eeabf3342fc4c5f8285794f6ace4524/./libraries/net/neoforged/neoform/1.21.8-20250717.133445/neoform-1.21.8-20250717.133445-mappings-merged.txt
Reverse Output: false
===============================================================================
Processor: net.neoforged.installertools:jarsplitter
  MainClass: net.neoforged.jarsplitter.ConsoleTool
  Classpath:
    /opt/mcsmanager/daemon/data/InstanceData/6eeabf3342fc4c5f8285794f6ace4524/./libraries/net/neoforged/installertools/jarsplitter/3.0.13/jarsplitter-3.0.13.jar
    /opt/mcsmanager/daemon/data/InstanceData/6eeabf3342fc4c5f8285794f6ace4524/./libraries/net/neoforged/installertools/jarsplitter/3.0.13/jarsplitter-3.0.13.jar
    /opt/mcsmanager/daemon/data/InstanceData/6eeabf3342fc4c5f8285794f6ace4524/./libraries/net/sf/jopt-simple/jopt-simple/5.0.4/jopt-simple-5.0.4.jar
    /opt/mcsmanager/daemon/data/InstanceData/6eeabf3342fc4c5f8285794f6ace4524/./libraries/net/neoforged/srgutils/1.0.0/srgutils-1.0.0.jar
    /opt/mcsmanager/daemon/data/InstanceData/6eeabf3342fc4c5f8285794f6ace4524/./libraries/net/neoforged/installertools/cli-utils/3.0.13/cli-utils-3.0.13.jar
  Args: --input, /opt/mcsmanager/daemon/data/InstanceData/6eeabf3342fc4c5f8285794f6ace4524/./libraries/net/minecraft/server/1.21.8-20250717.133445/server-1.21.8-20250717.133445-unpacked.jar, --slim, /opt/mcsmanager/daemon/data/InstanceData/6eeabf3342fc4c5f8285794f6ace4524/./libraries/net/minecraft/server/1.21.8-20250717.133445/server-1.21.8-20250717.133445-slim.jar, --extra, /opt/mcsmanager/daemon/data/InstanceData/6eeabf3342fc4c5f8285794f6ace4524/./libraries/net/minecraft/server/1.21.8-20250717.133445/server-1.21.8-20250717.133445-extra.jar, --srg, /opt/mcsmanager/daemon/data/InstanceData/6eeabf3342fc4c5f8285794f6ace4524/./libraries/net/neoforged/neoform/1.21.8-20250717.133445/neoform-1.21.8-20250717.133445-mappings-merged.txt
Splitter: 
  Input:    /opt/mcsmanager/daemon/data/InstanceData/6eeabf3342fc4c5f8285794f6ace4524/./libraries/net/minecraft/server/1.21.8-20250717.133445/server-1.21.8-20250717.133445-unpacked.jar
  Slim:     /opt/mcsmanager/daemon/data/InstanceData/6eeabf3342fc4c5f8285794f6ace4524/./libraries/net/minecraft/server/1.21.8-20250717.133445/server-1.21.8-20250717.133445-slim.jar
  Data:     null
  Extra:    /opt/mcsmanager/daemon/data/InstanceData/6eeabf3342fc4c5f8285794f6ace4524/./libraries/net/minecraft/server/1.21.8-20250717.133445/server-1.21.8-20250717.133445-extra.jar
  Including data in extra
  SRG:   /opt/mcsmanager/daemon/data/InstanceData/6eeabf3342fc4c5f8285794f6ace4524/./libraries/net/neoforged/neoform/1.21.8-20250717.133445/neoform-1.21.8-20250717.133445-mappings-merged.txt
  InputSha: 85cba595f2d9c523315a53fa7bffbde26a047758
  SrgSha:   f624dcd54810ab98cae78ecbd88a4290aeb37952
Splitting 14044 files:
===============================================================================
Processor: net.neoforged:AutoRenamingTool
  MainClass: net.neoforged.art.Main
  Classpath:
    /opt/mcsmanager/daemon/data/InstanceData/6eeabf3342fc4c5f8285794f6ace4524/./libraries/net/neoforged/AutoRenamingTool/2.0.11/AutoRenamingTool-2.0.11-all.jar
    /opt/mcsmanager/daemon/data/InstanceData/6eeabf3342fc4c5f8285794f6ace4524/./libraries/net/neoforged/AutoRenamingTool/2.0.11/AutoRenamingTool-2.0.11-all.jar
  Args: --input, /opt/mcsmanager/daemon/data/InstanceData/6eeabf3342fc4c5f8285794f6ace4524/./libraries/net/minecraft/server/1.21.8-20250717.133445/server-1.21.8-20250717.133445-slim.jar, --output, /opt/mcsmanager/daemon/data/InstanceData/6eeabf3342fc4c5f8285794f6ace4524/./libraries/net/minecraft/server/1.21.8-20250717.133445/server-1.21.8-20250717.133445-srg.jar, --names, /opt/mcsmanager/daemon/data/InstanceData/6eeabf3342fc4c5f8285794f6ace4524/./libraries/net/neoforged/neoform/1.21.8-20250717.133445/neoform-1.21.8-20250717.133445-mappings-merged.txt, --ann-fix, --ids-fix, --src-fix, --record-fix
Forge Auto Renaming Tool v2.0.11
log: null
input: /opt/mcsmanager/daemon/data/InstanceData/6eeabf3342fc4c5f8285794f6ace4524/./libraries/net/minecraft/server/1.21.8-20250717.133445/server-1.21.8-20250717.133445-slim.jar
output: /opt/mcsmanager/daemon/data/InstanceData/6eeabf3342fc4c5f8285794f6ace4524/./libraries/net/minecraft/server/1.21.8-20250717.133445/server-1.21.8-20250717.133445-srg.jar
threads: 2
Names: /opt/mcsmanager/daemon/data/InstanceData/6eeabf3342fc4c5f8285794f6ace4524/./libraries/net/neoforged/neoform/1.21.8-20250717.133445/neoform-1.21.8-20250717.133445-mappings-merged.txt(reversed: false)
Fix Annotations: true
Unfinal Parameters: false
Fix Records: true
Fix Identifiers: ALL
Fix SourceFile: JAVA
Fix Line Numbers: false
Strip codesigning signatures: false
Adding Libraries to Inheritance
Reading Input: /opt/mcsmanager/daemon/data/InstanceData/6eeabf3342fc4c5f8285794f6ace4524/./libraries/net/minecraft/server/1.21.8-20250717.133445/server-1.21.8-20250717.133445-slim.jar
Processor: net.neoforged:AutoRenamingTool: Reading input jar
Processor: net.neoforged:AutoRenamingTool: Processing entries
Adding input to inheritance map
Processing 6728 entries
Adding extras
Sorting
Processor: net.neoforged:AutoRenamingTool: Writing output
Writing 6729 to output /opt/mcsmanager/daemon/data/InstanceData/6eeabf3342fc4c5f8285794f6ace4524/./libraries/net/minecraft/server/1.21.8-20250717.133445/server-1.21.8-20250717.133445-srg.jar
===============================================================================
Processor: net.neoforged.installertools:binarypatcher
  MainClass: net.neoforged.binarypatcher.ConsoleTool
  Classpath:
    /opt/mcsmanager/daemon/data/InstanceData/6eeabf3342fc4c5f8285794f6ace4524/./libraries/net/neoforged/installertools/binarypatcher/3.0.13/binarypatcher-3.0.13-fatjar.jar
    /opt/mcsmanager/daemon/data/InstanceData/6eeabf3342fc4c5f8285794f6ace4524/./libraries/net/neoforged/installertools/binarypatcher/3.0.13/binarypatcher-3.0.13-fatjar.jar
  Args: --clean, /opt/mcsmanager/daemon/data/InstanceData/6eeabf3342fc4c5f8285794f6ace4524/./libraries/net/minecraft/server/1.21.8-20250717.133445/server-1.21.8-20250717.133445-srg.jar, --output, /opt/mcsmanager/daemon/data/InstanceData/6eeabf3342fc4c5f8285794f6ace4524/./libraries/net/neoforged/neoforge/21.8.47/neoforge-21.8.47-server.jar, --apply, /tmp/neoforge_installer7265663569854546828/data/server.lzma
Applying: 
  Clean:     /opt/mcsmanager/daemon/data/InstanceData/6eeabf3342fc4c5f8285794f6ace4524/./libraries/net/minecraft/server/1.21.8-20250717.133445/server-1.21.8-20250717.133445-srg.jar
  Output:    /opt/mcsmanager/daemon/data/InstanceData/6eeabf3342fc4c5f8285794f6ace4524/./libraries/net/neoforged/neoforge/21.8.47/neoforge-21.8.47-server.jar
  KeepData:  false
  Unpatched: false
  Pack200:   false
  Legacy:    false
Loading patches file: /tmp/neoforge_installer7265663569854546828/data/server.lzma
Processor: net.neoforged.installertools:binarypatcher: Loading patch files
Processor: net.neoforged.installertools:binarypatcher: Patching input
Processor: net.neoforged.installertools:binarypatcher: Adding new files
Downloading library from https://github.com/NeoForged/serverstarterjar/releases/latest/download/server.jar
Following redirect: https://github.com/NeoForged/serverstarterjar/releases/download/0.1.34/server.jar
Following redirect: https://release-assets.githubusercontent.com/github-production-release-asset/822299124/fbb691f7-57c1-4ec4-badd-db35a217183c?sp=r&sv=2018-11-09&sr=b&spr=https&se=2025-09-20T09%3A43%3A09Z&rscd=attachment%3B+filename%3Dserver.jar&rsct=application%2Foctet-stream&skoid=96c2d410-5711-43a1-aedd-ab1947aa7ab0&sktid=398a6654-997b-47e9-b12b-9515b896b4de&skt=2025-09-20T08%3A42%3A22Z&ske=2025-09-20T09%3A43%3A09Z&sks=b&skv=2018-11-09&sig=SmRwIU7Mj4EyzTFk9WxII4tFXb%2BkB0rWxU2IYWYacx4%3D&jwt=eyJ0eXAiOiJKV1QiLCJhbGciOiJIUzI1NiJ9.eyJpc3MiOiJnaXRodWIuY29tIiwiYXVkIjoicmVsZWFzZS1hc3NldHMuZ2l0aHVidXNlcmNvbnRlbnQuY29tIiwia2V5Ijoia2V5MSIsImV4cCI6MTc1ODM1OTI4NywibmJmIjoxNzU4MzU4OTg3LCJwYXRoIjoicmVsZWFzZWFzc2V0cHJvZHVjdGlvbi5ibG9iLmNvcmUud2luZG93cy5uZXQifQ.1NestP_w2jkgULixQAZeKwAG4JxpP05Trpu2lTXQJZg&response-content-disposition=attachment%3B%20filename%3Dserver.jar&response-content-type=application%2Foctet-stream
	Download completed: No checksum, Assuming valid.
The server installed successfully
You can delete this installer file now if you wish
